[02:04:16] [main/INFO]: Setting user: Player579
[02:04:17] [Client thread/INFO]: LWJGL Version: 2.9.1
[02:04:21] [Client thread/INFO]: Reloading ResourceManager: Default, FMLFileResourcePack:Forge Mod Loader, FMLFileResourcePack:Minecraft Forge, FMLFileResourcePack:Outer Planes
[02:04:22] [Sound Library Loader/INFO]: Sound engine started
[02:04:23] [Client thread/INFO]: Created: 512x256 textures/blocks-atlas
[02:04:23] [Client thread/INFO]: Created: 256x256 textures/items-atlas
[02:04:24] [Client thread/INFO]: Reloading ResourceManager: Default, FMLFileResourcePack:Forge Mod Loader, FMLFileResourcePack:Minecraft Forge, FMLFileResourcePack:Outer Planes
[02:04:24] [Client thread/INFO]: Created: 512x256 textures/blocks-atlas
[02:04:24] [Client thread/INFO]: Created: 256x256 textures/items-atlas
[02:04:25] [Sound Library Loader/INFO]: Sound engine started
[02:04:30] [Client thread/INFO]: Deleting level New World
[02:04:30] [Client thread/INFO]: Attempt 1...
[02:04:32] [Server thread/INFO]: Starting integrated minecraft server version 1.7.10
[02:04:32] [Server thread/INFO]: Generating keypair
[02:04:32] [Server thread/INFO]: Converting map!
[02:04:32] [Server thread/INFO]: Scanning folders...
[02:04:32] [Server thread/INFO]: Total conversion count is 0
[02:04:33] [Server thread/INFO]: Preparing start region for level 0
[02:04:34] [Server thread/INFO]: Preparing spawn area: 13%
[02:04:35] [Server thread/INFO]: Preparing spawn area: 32%
[02:04:36] [Server thread/INFO]: Preparing spawn area: 53%
[02:04:37] [Server thread/INFO]: Preparing spawn area: 71%
[02:04:38] [Server thread/INFO]: Preparing spawn area: 91%
[02:04:38] [Server thread/INFO]: Changing view distance to 12, from 10
[02:04:39] [Server thread/INFO]: Player579[local:E:bf2d4341] logged in with entity id 11 at (-86.5, 51.0, 200.5)
[02:04:39] [Server thread/INFO]: Player579 joined the game
[02:04:44] [Server thread/INFO]: Player579 has just earned the achievement [Taking Inventory]
[02:04:44] [Client thread/INFO]: [CHAT] Player579 has just earned the achievement [Taking Inventory]
[02:04:58] [Server thread/WARN]: Can't keep up! Did the system time change, or is the server overloaded? Running 6718ms behind, skipping 134 tick(s)
[02:05:41] [Server thread/WARN]: Can't keep up! Did the system time change, or is the server overloaded? Running 5053ms behind, skipping 101 tick(s)
[02:06:13] [Client thread/INFO]: Warning: Clientside chunk ticking took 128 ms
[02:06:23] [Client thread/INFO]: Warning: Clientside chunk ticking took 104 ms
[02:06:23] [Client thread/INFO]: Warning: Clientside chunk ticking took 107 ms
[02:06:23] [Client thread/INFO]: Warning: Clientside chunk ticking took 111 ms
[02:06:24] [Client thread/INFO]: Warning: Clientside chunk ticking took 102 ms
[02:06:28] [Client thread/INFO]: Warning: Clientside chunk ticking took 101 ms
[02:06:45] [Server thread/WARN]: Can't keep up! Did the system time change, or is the server overloaded? Running 5051ms behind, skipping 101 tick(s)
[02:08:03] [Server thread/WARN]: Can't keep up! Did the system time change, or is the server overloaded? Running 3638ms behind, skipping 72 tick(s)
[02:08:17] [Server thread/INFO]: Saving and pausing game...
[02:08:17] [Server thread/INFO]: Saving chunks for level 'New World'/Overworld
[02:08:17] [Server thread/INFO]: Saving chunks for level 'New World'/Nether
[02:08:17] [Server thread/INFO]: Saving chunks for level 'New World'/The End
[02:08:17] [Server thread/INFO]: Saving chunks for level 'New World'/Elysium
[02:08:18] [Server thread/INFO]: Stopping server
[02:08:18] [Server thread/INFO]: Saving players
[02:08:18] [Server thread/INFO]: Saving worlds
[02:08:18] [Server thread/INFO]: Saving chunks for level 'New World'/Overworld
[02:08:18] [Server thread/INFO]: Saving chunks for level 'New World'/Nether
[02:08:18] [Server thread/INFO]: Saving chunks for level 'New World'/The End
[02:08:18] [Server thread/INFO]: Saving chunks for level 'New World'/Elysium
[02:08:19] [Client thread/INFO]: Stopping!
